# JRE version: Java(TM) SE Runtime Environment (17.0.1+12) (build 17.0.1+12-LTS-39)
# Java VM: Java HotSpot(TM) 64-Bit Server VM (17.0.1+12-LTS-39, mixed mode, emulated-client, sharing, tiered, compressed oops, compressed class ptrs, g1 gc, windows-amd64)
GC Precious Log:
 CPUs: 8 total, 8 available
 Memory: 8078M
 Large Page Support: Disabled
 NUMA Support: Disabled
 Compressed Oops: Enabled (32-bit)
 Heap Region Size: 1M
 Heap Min Capacity: 8M
 Heap Initial Capacity: 128M
 Heap Max Capacity: 2020M
 Pre-touch: Disabled
 Parallel Workers: 8
 Concurrent Workers: 2
 Concurrent Refinement Workers: 8
 Periodic GC: Disabled
Heap:
 garbage-first heap   total 365568K, used 43578K [0x0000000081c00000, 0x0000000100000000)
  region size 1024K, 5 young (5120K), 5 survivors (5120K)
 Metaspace       used 85550K, committed 86272K, reserved 1130496K
  class space    used 11774K, committed 12160K, reserved 1048576K
GC Heap History (20 events):
Event: 511.963 GC heap after
{Heap after GC invocations=36 (full 3):
 garbage-first heap   total 122880K, used 32599K [0x0000000081c00000, 0x0000000100000000)
  region size 1024K, 0 young (0K), 0 survivors (0K)
 Metaspace       used 84492K, committed 85696K, reserved 1130496K
  class space    used 11688K, committed 12160K, reserved 1048576K
}
Event: 519.932 GC heap before
{Heap before GC invocations=36 (full 3):
 garbage-first heap   total 122880K, used 51031K [0x0000000081c00000, 0x0000000100000000)
  region size 1024K, 19 young (19456K), 0 survivors (0K)
 Metaspace       used 84684K, committed 85696K, reserved 1130496K
  class space    used 11704K, committed 12160K, reserved 1048576K
}
Event: 519.962 GC heap after
{Heap after GC invocations=37 (full 3):
 garbage-first heap   total 122880K, used 35282K [0x0000000081c00000, 0x0000000100000000)
  region size 1024K, 3 young (3072K), 3 survivors (3072K)
 Metaspace       used 84684K, committed 85696K, reserved 1130496K
  class space    used 11704K, committed 12160K, reserved 1048576K
}
Event: 520.234 GC heap before
{Heap before GC invocations=37 (full 3):
 garbage-first heap   total 122880K, used 38354K [0x0000000081c00000, 0x0000000100000000)
  region size 1024K, 6 young (6144K), 3 survivors (3072K)
 Metaspace       used 84690K, committed 85696K, reserved 1130496K
  class space    used 11705K, committed 12160K, reserved 1048576K
}
Event: 520.263 GC heap after
{Heap after GC invocations=38 (full 3):
 garbage-first heap   total 122880K, used 35722K [0x0000000081c00000, 0x0000000100000000)
  region size 1024K, 1 young (1024K), 1 survivors (1024K)
 Metaspace       used 84690K, committed 85696K, reserved 1130496K
  class space    used 11705K, committed 12160K, reserved 1048576K
}
Event: 520.849 GC heap before
{Heap before GC invocations=38 (full 3):
 garbage-first heap   total 122880K, used 41866K [0x0000000081c00000, 0x0000000100000000)
  region size 1024K, 8 young (8192K), 1 survivors (1024K)
 Metaspace       used 84697K, committed 85696K, reserved 1130496K
  class space    used 11706K, committed 12160K, reserved 1048576K
}
Event: 520.863 GC heap after
{Heap after GC invocations=39 (full 3):
 garbage-first heap   total 122880K, used 36019K [0x0000000081c00000, 0x0000000100000000)
  region size 1024K, 1 young (1024K), 1 survivors (1024K)
 Metaspace       used 84697K, committed 85696K, reserved 1130496K
  class space    used 11706K, committed 12160K, reserved 1048576K
}
Event: 521.541 GC heap before
{Heap before GC invocations=39 (full 3):
 garbage-first heap   total 122880K, used 46259K [0x0000000081c00000, 0x0000000100000000)
  region size 1024K, 11 young (11264K), 1 survivors (1024K)
 Metaspace       used 84804K, committed 85696K, reserved 1130496K
  class space    used 11715K, committed 12160K, reserved 1048576K
}
Event: 521.546 GC heap after
{Heap after GC invocations=40 (full 3):
 garbage-first heap   total 122880K, used 37035K [0x0000000081c00000, 0x0000000100000000)
  region size 1024K, 2 young (2048K), 2 survivors (2048K)
 Metaspace       used 84804K, committed 85696K, reserved 1130496K
  class space    used 11715K, committed 12160K, reserved 1048576K
}
Event: 521.763 GC heap before
{Heap before GC invocations=40 (full 3):
 garbage-first heap   total 122880K, used 41131K [0x0000000081c00000, 0x0000000100000000)
  region size 1024K, 6 young (6144K), 2 survivors (2048K)
 Metaspace       used 84804K, committed 85696K, reserved 1130496K
  class space    used 11715K, committed 12160K, reserved 1048576K
}
Event: 521.787 GC heap after
{Heap after GC invocations=41 (full 3):
 garbage-first heap   total 122880K, used 37444K [0x0000000081c00000, 0x0000000100000000)
  region size 1024K, 1 young (1024K), 1 survivors (1024K)
 Metaspace       used 84804K, committed 85696K, reserved 1130496K
  class space    used 11715K, committed 12160K, reserved 1048576K
}
Event: 523.071 GC heap before
{Heap before GC invocations=41 (full 3):
 garbage-first heap   total 122880K, used 60996K [0x0000000081c00000, 0x0000000100000000)
  region size 1024K, 25 young (25600K), 1 survivors (1024K)
 Metaspace       used 84876K, committed 85696K, reserved 1130496K
  class space    used 11724K, committed 12160K, reserved 1048576K
}
Event: 523.137 GC heap after
{Heap after GC invocations=42 (full 3):
 garbage-first heap   total 365568K, used 39030K [0x0000000081c00000, 0x0000000100000000)
  region size 1024K, 2 young (2048K), 2 survivors (2048K)
 Metaspace       used 84876K, committed 85696K, reserved 1130496K
  class space    used 11724K, committed 12160K, reserved 1048576K
}
Event: 523.166 GC heap before
{Heap before GC invocations=42 (full 3):
 garbage-first heap   total 365568K, used 55414K [0x0000000081c00000, 0x0000000100000000)
  region size 1024K, 19 young (19456K), 2 survivors (2048K)
 Metaspace       used 84876K, committed 85696K, reserved 1130496K
  class space    used 11724K, committed 12160K, reserved 1048576K
}
Event: 523.197 GC heap after
{Heap after GC invocations=43 (full 3):
 garbage-first heap   total 365568K, used 39022K [0x0000000081c00000, 0x0000000100000000)
  region size 1024K, 1 young (1024K), 1 survivors (1024K)
 Metaspace       used 84876K, committed 85696K, reserved 1130496K
  class space    used 11724K, committed 12160K, reserved 1048576K
}
Event: 523.236 GC heap before
{Heap before GC invocations=43 (full 3):
 garbage-first heap   total 365568K, used 76910K [0x0000000081c00000, 0x0000000100000000)
  region size 1024K, 39 young (39936K), 1 survivors (1024K)
 Metaspace       used 84876K, committed 85696K, reserved 1130496K
  class space    used 11724K, committed 12160K, reserved 1048576K
}
Event: 523.269 GC heap after
{Heap after GC invocations=44 (full 3):
 garbage-first heap   total 365568K, used 39054K [0x0000000081c00000, 0x0000000100000000)
  region size 1024K, 1 young (1024K), 1 survivors (1024K)
 Metaspace       used 84876K, committed 85696K, reserved 1130496K
  class space    used 11724K, committed 12160K, reserved 1048576K
}
Event: 523.354 GC heap before
{Heap before GC invocations=44 (full 3):
 garbage-first heap   total 365568K, used 98446K [0x0000000081c00000, 0x0000000100000000)
  region size 1024K, 60 young (61440K), 1 survivors (1024K)
 Metaspace       used 84876K, committed 85696K, reserved 1130496K
  class space    used 11724K, committed 12160K, reserved 1048576K
}
Event: 523.371 GC heap after
{Heap after GC invocations=45 (full 3):
 garbage-first heap   total 365568K, used 39162K [0x0000000081c00000, 0x0000000100000000)
  region size 1024K, 1 young (1024K), 1 survivors (1024K)
 Metaspace       used 84876K, committed 85696K, reserved 1130496K
  class space    used 11724K, committed 12160K, reserved 1048576K
}
Event: 560.105 GC heap before
{Heap before GC invocations=45 (full 3):
 garbage-first heap   total 365568K, used 132346K [0x0000000081c00000, 0x0000000100000000)
  region size 1024K, 92 young (94208K), 1 survivors (1024K)
 Metaspace       used 85550K, committed 86272K, reserved 1130496K
  class space    used 11774K, committed 12160K, reserved 1048576K
}

